# JRE version: OpenJDK Runtime Environment (8.0_91-b14) (build 1.8.0_91-8u91-b14-0ubuntu4~16.04.1-b14)
# Java VM: OpenJDK 64-Bit Server VM (25.91-b14 mixed mode linux-amd64 )
Heap:
 PSYoungGen      total 1316352K, used 14688K [0x00007f25fa580000, 0x00007f264c500000, 0x00007f2a25000000)
  eden space 1289728K, 0% used [0x00007f25fa580000,0x00007f25fa580000,0x00007f2649100000)
  from space 26624K, 55% used [0x00007f2649100000,0x00007f2649f58000,0x00007f264ab00000)
  to   space 26112K, 0% used [0x00007f264ab80000,0x00007f264ab80000,0x00007f264c500000)
 ParOldGen       total 139264K, used 81792K [0x00007f1da5000000, 0x00007f1dad800000, 0x00007f25fa580000)
  object space 139264K, 58% used [0x00007f1da5000000,0x00007f1da9fe03f8,0x00007f1dad800000)
 Metaspace       used 2883K, capacity 4240K, committed 4352K, reserved 8192K
GC Heap History (10 events):
Event: 14,368 GC heap after
Heap after GC invocations=9 (full 0):
 PSYoungGen      total 523776K, used 18400K [0x00007f25fa580000, 0x00007f262ed80000, 0x00007f2a25000000)
  eden space 505344K, 0% used [0x00007f25fa580000,0x00007f25fa580000,0x00007f2619300000)
  from space 18432K, 99% used [0x00007f2619300000,0x00007f261a4f8018,0x00007f261a500000)
  to   space 25600K, 0% used [0x00007f262d480000,0x00007f262d480000,0x00007f262ed80000)
 ParOldGen       total 84992K, used 29176K [0x00007f1da5000000, 0x00007f1daa300000, 0x00007f25fa580000)
  object space 84992K, 34% used [0x00007f1da5000000,0x00007f1da6c7e0c0,0x00007f1daa300000)
 Metaspace       used 2883K, capacity 4240K, committed 4352K, reserved 8192K
}
Event: 15,543 GC heap before
{Heap before GC invocations=10 (full 0):
 PSYoungGen      total 523776K, used 523744K [0x00007f25fa580000, 0x00007f262ed80000, 0x00007f2a25000000)
  eden space 505344K, 100% used [0x00007f25fa580000,0x00007f2619300000,0x00007f2619300000)
  from space 18432K, 99% used [0x00007f2619300000,0x00007f261a4f8018,0x00007f261a500000)
  to   space 25600K, 0% used [0x00007f262d480000,0x00007f262d480000,0x00007f262ed80000)
 ParOldGen       total 84992K, used 29176K [0x00007f1da5000000, 0x00007f1daa300000, 0x00007f25fa580000)
  object space 84992K, 34% used [0x00007f1da5000000,0x00007f1da6c7e0c0,0x00007f1daa300000)
 Metaspace       used 2883K, capacity 4240K, committed 4352K, reserved 8192K
Event: 15,967 GC heap after
Heap after GC invocations=10 (full 0):
 PSYoungGen      total 831488K, used 24544K [0x00007f25fa580000, 0x00007f262f380000, 0x00007f2a25000000)
  eden space 805888K, 0% used [0x00007f25fa580000,0x00007f25fa580000,0x00007f262b880000)
  from space 25600K, 95% used [0x00007f262d480000,0x00007f262ec78018,0x00007f262ed80000)
  to   space 28672K, 0% used [0x00007f262b880000,0x00007f262b880000,0x00007f262d480000)
 ParOldGen       total 84992K, used 35432K [0x00007f1da5000000, 0x00007f1daa300000, 0x00007f25fa580000)
  object space 84992K, 41% used [0x00007f1da5000000,0x00007f1da729a0c0,0x00007f1daa300000)
 Metaspace       used 2883K, capacity 4240K, committed 4352K, reserved 8192K
}
Event: 24,500 GC heap before
{Heap before GC invocations=11 (full 0):
 PSYoungGen      total 831488K, used 830432K [0x00007f25fa580000, 0x00007f262f380000, 0x00007f2a25000000)
  eden space 805888K, 100% used [0x00007f25fa580000,0x00007f262b880000,0x00007f262b880000)
  from space 25600K, 95% used [0x00007f262d480000,0x00007f262ec78018,0x00007f262ed80000)
  to   space 28672K, 0% used [0x00007f262b880000,0x00007f262b880000,0x00007f262d480000)
 ParOldGen       total 84992K, used 35432K [0x00007f1da5000000, 0x00007f1daa300000, 0x00007f25fa580000)
  object space 84992K, 41% used [0x00007f1da5000000,0x00007f1da729a0c0,0x00007f1daa300000)
 Metaspace       used 2883K, capacity 4240K, committed 4352K, reserved 8192K
Event: 25,068 GC heap after
Heap after GC invocations=11 (full 0):
 PSYoungGen      total 834560K, used 12416K [0x00007f25fa580000, 0x00007f264c600000, 0x00007f2a25000000)
  eden space 805888K, 0% used [0x00007f25fa580000,0x00007f25fa580000,0x00007f262b880000)
  from space 28672K, 43% used [0x00007f262b880000,0x00007f262c4a0000,0x00007f262d480000)
  to   space 27136K, 0% used [0x00007f264ab80000,0x00007f264ab80000,0x00007f264c600000)
 ParOldGen       total 84992K, used 59752K [0x00007f1da5000000, 0x00007f1daa300000, 0x00007f25fa580000)
  object space 84992K, 70% used [0x00007f1da5000000,0x00007f1da8a5a0d8,0x00007f1daa300000)
 Metaspace       used 2883K, capacity 4240K, committed 4352K, reserved 8192K
}
Event: 28,322 GC heap before
{Heap before GC invocations=12 (full 0):
 PSYoungGen      total 834560K, used 818304K [0x00007f25fa580000, 0x00007f264c600000, 0x00007f2a25000000)
  eden space 805888K, 100% used [0x00007f25fa580000,0x00007f262b880000,0x00007f262b880000)
  from space 28672K, 43% used [0x00007f262b880000,0x00007f262c4a0000,0x00007f262d480000)
  to   space 27136K, 0% used [0x00007f264ab80000,0x00007f264ab80000,0x00007f264c600000)
 ParOldGen       total 84992K, used 59752K [0x00007f1da5000000, 0x00007f1daa300000, 0x00007f25fa580000)
  object space 84992K, 70% used [0x00007f1da5000000,0x00007f1da8a5a0d8,0x00007f1daa300000)
 Metaspace       used 2883K, capacity 4240K, committed 4352K, reserved 8192K
Event: 28,366 GC heap after
Heap after GC invocations=12 (full 0):
 PSYoungGen      total 1315840K, used 10528K [0x00007f25fa580000, 0x00007f264c500000, 0x00007f2a25000000)
  eden space 1289728K, 0% used [0x00007f25fa580000,0x00007f25fa580000,0x00007f2649100000)
  from space 26112K, 40% used [0x00007f264ab80000,0x00007f264b5c8000,0x00007f264c500000)
  to   space 26624K, 0% used [0x00007f2649100000,0x00007f2649100000,0x00007f264ab00000)
 ParOldGen       total 84992K, used 71880K [0x00007f1da5000000, 0x00007f1daa300000, 0x00007f25fa580000)
  object space 84992K, 84% used [0x00007f1da5000000,0x00007f1da96320d8,0x00007f1daa300000)
 Metaspace       used 2883K, capacity 4240K, committed 4352K, reserved 8192K
}
Event: 28,366 GC heap before
{Heap before GC invocations=13 (full 1):
 PSYoungGen      total 1315840K, used 10528K [0x00007f25fa580000, 0x00007f264c500000, 0x00007f2a25000000)
  eden space 1289728K, 0% used [0x00007f25fa580000,0x00007f25fa580000,0x00007f2649100000)
  from space 26112K, 40% used [0x00007f264ab80000,0x00007f264b5c8000,0x00007f264c500000)
  to   space 26624K, 0% used [0x00007f2649100000,0x00007f2649100000,0x00007f264ab00000)
 ParOldGen       total 84992K, used 71880K [0x00007f1da5000000, 0x00007f1daa300000, 0x00007f25fa580000)
  object space 84992K, 84% used [0x00007f1da5000000,0x00007f1da96320d8,0x00007f1daa300000)
 Metaspace       used 2883K, capacity 4240K, committed 4352K, reserved 8192K
Event: 28,931 GC heap after
Heap after GC invocations=13 (full 1):
 PSYoungGen      total 1315840K, used 0K [0x00007f25fa580000, 0x00007f264c500000, 0x00007f2a25000000)
  eden space 1289728K, 0% used [0x00007f25fa580000,0x00007f25fa580000,0x00007f2649100000)
  from space 26112K, 0% used [0x00007f264ab80000,0x00007f264ab80000,0x00007f264c500000)
  to   space 26624K, 0% used [0x00007f2649100000,0x00007f2649100000,0x00007f264ab00000)
 ParOldGen       total 139264K, used 81792K [0x00007f1da5000000, 0x00007f1dad800000, 0x00007f25fa580000)
  object space 139264K, 58% used [0x00007f1da5000000,0x00007f1da9fe03f8,0x00007f1dad800000)
 Metaspace       used 2883K, capacity 4240K, committed 4352K, reserved 8192K
}
Event: 46,212 GC heap before
{Heap before GC invocations=14 (full 1):
 PSYoungGen      total 1315840K, used 1289728K [0x00007f25fa580000, 0x00007f264c500000, 0x00007f2a25000000)
  eden space 1289728K, 100% used [0x00007f25fa580000,0x00007f2649100000,0x00007f2649100000)
  from space 26112K, 0% used [0x00007f264ab80000,0x00007f264ab80000,0x00007f264c500000)
  to   space 26624K, 0% used [0x00007f2649100000,0x00007f2649100000,0x00007f264ab00000)
 ParOldGen       total 139264K, used 81792K [0x00007f1da5000000, 0x00007f1dad800000, 0x00007f25fa580000)
  object space 139264K, 58% used [0x00007f1da5000000,0x00007f1da9fe03f8,0x00007f1dad800000)
 Metaspace       used 2883K, capacity 4240K, committed 4352K, reserved 8192K

